TN:
SF:primitives/observability/log-group-short-retention/src/index.ts
FN:108,(anonymous_9)
FN:176,(anonymous_10)
FN:181,(anonymous_11)
FNF:3
FNH:3
FNDA:11,(anonymous_9)
FNDA:9,(anonymous_10)
FNDA:20,(anonymous_11)
DA:1,1
DA:2,1
DA:3,1
DA:81,1
DA:109,11
DA:115,11
DA:116,1
DA:123,10
DA:124,10
DA:130,10
DA:138,10
DA:140,1
DA:141,1
DA:148,10
DA:149,10
DA:150,10
DA:156,10
DA:157,10
DA:177,9
DA:178,9
DA:180,9
DA:181,20
DA:183,9
LF:23
LH:23
BRDA:108,0,0,6
BRDA:115,1,0,1
BRDA:115,2,0,11
BRDA:115,2,1,2
BRDA:123,3,0,10
BRDA:123,3,1,9
BRDA:124,4,0,10
BRDA:124,4,1,9
BRDA:138,5,0,1
BRDA:183,6,0,8
BRDA:183,6,1,1
BRF:11
BRH:11
end_of_record
TN:
SF:primitives/security/iam-role-lambda-basic/src/index.ts
FN:143,(anonymous_9)
FN:227,(anonymous_10)
FN:256,(anonymous_11)
FNF:3
FNH:3
FNDA:13,(anonymous_9)
FNDA:3,(anonymous_10)
FNDA:13,(anonymous_11)
DA:1,1
DA:2,1
DA:3,1
DA:115,1
DA:144,13
DA:150,13
DA:156,10
DA:178,10
DA:205,10
DA:206,1
DA:226,10
DA:227,2
DA:228,3
DA:236,10
DA:237,10
DA:238,10
DA:244,10
DA:245,10
DA:258,13
DA:259,3
DA:260,1
DA:264,2
DA:265,2
DA:266,1
DA:271,11
DA:272,1
LF:26
LH:26
BRDA:143,0,0,5
BRDA:163,1,0,10
BRDA:163,1,1,9
BRDA:205,2,0,1
BRDA:226,3,0,2
BRDA:226,4,0,10
BRDA:226,4,1,2
BRDA:258,5,0,3
BRDA:259,6,0,1
BRDA:265,7,0,1
BRDA:271,8,0,1
BRDA:271,9,0,11
BRDA:271,9,1,3
BRF:13
BRH:13
end_of_record
TN:
SF:primitives/security/kms-key-managed/src/index.ts
FN:185,(anonymous_9)
FN:296,(anonymous_10)
FN:323,(anonymous_11)
FN:330,(anonymous_12)
FN:343,(anonymous_13)
FNF:5
FNH:5
FNDA:19,(anonymous_9)
FNDA:7,(anonymous_10)
FNDA:15,(anonymous_11)
FNDA:32,(anonymous_12)
FNDA:19,(anonymous_13)
DA:1,1
DA:2,1
DA:3,1
DA:4,1
DA:157,1
DA:186,19
DA:192,19
DA:198,16
DA:199,16
DA:200,16
DA:210,16
DA:229,16
DA:244,16
DA:246,16
DA:255,16
DA:256,2
DA:259,16
DA:260,2
DA:263,16
DA:264,2
DA:267,16
DA:268,1
DA:275,16
DA:276,16
DA:277,16
DA:283,16
DA:284,16
DA:297,7
DA:324,15
DA:329,15
DA:330,32
DA:332,15
DA:345,19
DA:346,1
DA:350,18
DA:352,3
DA:353,1
DA:357,2
DA:358,1
LF:39
LH:39
BRDA:185,0,0,7
BRDA:198,1,0,16
BRDA:198,1,1,15
BRDA:199,2,0,16
BRDA:199,2,1,15
BRDA:200,3,0,16
BRDA:200,3,1,15
BRDA:244,4,0,16
BRDA:244,4,1,15
BRDA:255,5,0,2
BRDA:259,6,0,2
BRDA:263,7,0,2
BRDA:267,8,0,1
BRDA:332,9,0,14
BRDA:332,9,1,1
BRDA:345,10,0,1
BRDA:345,11,0,19
BRDA:345,11,1,2
BRDA:350,12,0,3
BRDA:352,13,0,1
BRDA:357,14,0,1
BRF:21
BRH:21
end_of_record
